material = 2.085136
material = 2.085136
material = 2.085136
material = 2.085136
material = 2.085136
material = 2.085136
material = 12.6025
material = 12.6025
material = 12.6025
ADDING FLUX MONITORS
RUNNING SIMULATION
-----------
Initializing structure...
time for choose_chunkdivision = 0.000854969 s
Working in 3D dimensions.
Computational cell is 3 x 4 x 20.45 with resolution 20
     prism, center = (0,-1.055,-5.225)
          height 1.89, axis (0,1,0), sidewall angle: 0 radians, 4 vertices:
          (1.5,-2,-10.225)
          (1.5,-2,-0.225)
          (-1.5,-2,-0.225)
          (-1.5,-2,-10.225)
          dielectric constant epsilon diagonal = (2.08514,2.08514,2.08514)
     prism, center = (0,1.055,0)
          height 1.89, axis (0,1,0), sidewall angle: 0 radians, 4 vertices:
          (-1.5,0.11,-0.225)
          (1.5,0.11,-0.225)
          (1.5,0.11,0.225)
          (-1.5,0.11,0.225)
          dielectric constant epsilon diagonal = (2.08514,2.08514,2.08514)
     prism, center = (0,0.97,-5.225)
          height 2.06, axis (0,1,0), sidewall angle: 0 radians, 4 vertices:
          (1.5,-0.06,-10.225)
          (1.5,-0.06,-0.225)
          (-1.5,-0.06,-0.225)
          (-1.5,-0.06,-10.225)
          dielectric constant epsilon diagonal = (2.08514,2.08514,2.08514)
     prism, center = (0,-1.055,5.225)
          height 1.89, axis (0,1,0), sidewall angle: 0 radians, 4 vertices:
          (-1.5,-2,10.225)
          (-1.5,-2,0.225)
          (1.5,-2,0.225)
          (1.5,-2,10.225)
          dielectric constant epsilon diagonal = (2.08514,2.08514,2.08514)
     prism, center = (0,-1.055,0)
          height 1.89, axis (0,1,0), sidewall angle: 0 radians, 4 vertices:
          (-1.5,-2,-0.225)
          (1.5,-2,-0.225)
          (1.5,-2,0.225)
          (-1.5,-2,0.225)
          dielectric constant epsilon diagonal = (2.08514,2.08514,2.08514)
     prism, center = (0,0.97,5.225)
          height 2.06, axis (0,1,0), sidewall angle: 0 radians, 4 vertices:
          (-1.5,-0.06,10.225)
          (-1.5,-0.06,0.225)
          (1.5,-0.06,0.225)
          (1.5,-0.06,10.225)
          dielectric constant epsilon diagonal = (2.08514,2.08514,2.08514)
     prism, center = (0,-0.085,-5.225)
          height 0.05, axis (0,1,0), sidewall angle: 0 radians, 4 vertices:
          (1.5,-0.11,-10.225)
          (1.5,-0.11,-0.225)
          (-1.5,-0.11,-0.225)
          (-1.5,-0.11,-10.225)
          dielectric constant epsilon diagonal = (12.6025,12.6025,12.6025)
     prism, center = (0,-2.08167e-16,0)
          height 0.22, axis (0,1,0), sidewall angle: 0 radians, 4 vertices:
          (-1.5,-0.11,-0.225)
          (1.5,-0.11,-0.225)
          (1.5,-0.11,0.225)
          (-1.5,-0.11,0.225)
          dielectric constant epsilon diagonal = (12.6025,12.6025,12.6025)
     prism, center = (0,-0.085,5.225)
          height 0.05, axis (0,1,0), sidewall angle: 0 radians, 4 vertices:
          (-1.5,-0.11,10.225)
          (-1.5,-0.11,0.225)
          (1.5,-0.11,0.225)
          (1.5,-0.11,10.225)
          dielectric constant epsilon diagonal = (12.6025,12.6025,12.6025)
subpixel-averaging is 46.1475% done, 4.67165 s remaining
subpixel-averaging is 92.183% done, 0.339518 s remaining
subpixel-averaging is 45.8114% done, 4.73496 s remaining
subpixel-averaging is 92.5191% done, 0.323579 s remaining
subpixel-averaging is 46.9315% done, 4.53332 s remaining
subpixel-averaging is 93.6391% done, 0.271726 s remaining
time for set_epsilon = 63.9237 s
-----------
MPB solved for frequency_1(1.55,0,0) = 0.649991 after 21 iters
MPB solved for frequency_1(1.62932,0,0) = 0.67023 after 9 iters
MPB solved for frequency_1(1.62948,0,0) = 0.67027 after 2 iters
MPB solved for frequency_1(1.62948,0,0) = 0.67027 after 1 iters
Meep: using output directory '/home/jovyan/work/mask/simple_waveguide/meep-sim'
on time step 22 (time=0.55), 0.182956 s/step
on time step 132 (time=3.3), 0.0364154 s/step
on time step 243 (time=6.075), 0.0363099 s/step
on time step 353 (time=8.825), 0.0364242 s/step
on time step 463 (time=11.575), 0.0363751 s/step
on time step 573 (time=14.325), 0.036389 s/step
on time step 683 (time=17.075), 0.0364014 s/step
on time step 790 (time=19.75), 0.0374186 s/step
on time step 894 (time=22.35), 0.0384689 s/step
on time step 997 (time=24.925), 0.0391606 s/step
on time step 1107 (time=27.675), 0.0366035 s/step
on time step 1217 (time=30.425), 0.0364405 s/step
on time step 1328 (time=33.2), 0.0363614 s/step
on time step 1438 (time=35.95), 0.0364716 s/step
on time step 1548 (time=38.7), 0.0364089 s/step
field decay(t = 40.025000000000006): 6.163353833323714e-188 / 6.163353833323714e-188 = 1.0
on time step 1658 (time=41.45), 0.0364447 s/step
on time step 1768 (time=44.2), 0.0364804 s/step
on time step 1878 (time=46.95), 0.0364381 s/step
on time step 1988 (time=49.7), 0.0365827 s/step
on time step 2098 (time=52.45), 0.0365152 s/step
on time step 2208 (time=55.2), 0.0365178 s/step
on time step 2318 (time=57.95), 0.0364906 s/step
field decay(t = 60.050000000000004): 4.095392368924606e-94 / 4.095392368924606e-94 = 1.0
on time step 2428 (time=60.7), 0.0364028 s/step
on time step 2538 (time=63.45), 0.0364826 s/step
on time step 2646 (time=66.15), 0.0373678 s/step
on time step 2756 (time=68.9), 0.0364829 s/step
on time step 2866 (time=71.65), 0.0366047 s/step
on time step 2976 (time=74.4), 0.0364818 s/step
on time step 3086 (time=77.15), 0.0365088 s/step
on time step 3196 (time=79.9), 0.0364366 s/step
field decay(t = 80.05000000000001): 6.172680100180499e-40 / 6.172680100180499e-40 = 1.0
on time step 3306 (time=82.65), 0.036486 s/step
on time step 3416 (time=85.4), 0.0365118 s/step
on time step 3526 (time=88.15), 0.0364333 s/step
on time step 3636 (time=90.9), 0.0364609 s/step
on time step 3746 (time=93.65), 0.0364488 s/step
on time step 3856 (time=96.4), 0.0365408 s/step
on time step 3966 (time=99.15), 0.0364497 s/step
field decay(t = 100.075): 2.4389857792512665e-08 / 2.4389857792512665e-08 = 1.0
on time step 4076 (time=101.9), 0.0364012 s/step
on time step 4186 (time=104.65), 0.0364566 s/step
on time step 4289 (time=107.225), 0.038949 s/step
on time step 4396 (time=109.9), 0.0376961 s/step
on time step 4506 (time=112.65), 0.0364235 s/step
on time step 4616 (time=115.4), 0.0364546 s/step
on time step 4726 (time=118.15), 0.0364571 s/step
field decay(t = 120.10000000000001): 22.525523983823778 / 22.525523983823778 = 1.0
on time step 4836 (time=120.9), 0.0363963 s/step
on time step 4946 (time=123.65), 0.0364328 s/step
on time step 5056 (time=126.4), 0.0364263 s/step
on time step 5163 (time=129.075), 0.0374303 s/step
on time step 5273 (time=131.825), 0.0365238 s/step
on time step 5383 (time=134.575), 0.0366585 s/step
on time step 5493 (time=137.325), 0.0366866 s/step
on time step 5602 (time=140.05), 0.0367466 s/step
field decay(t = 140.1): 12.052347822679097 / 22.525523983823778 = 0.5350529395602177
on time step 5712 (time=142.8), 0.0366857 s/step
on time step 5821 (time=145.525), 0.0367746 s/step
on time step 5930 (time=148.25), 0.0367568 s/step
on time step 6039 (time=150.975), 0.0368252 s/step
on time step 6148 (time=153.7), 0.0367059 s/step
on time step 6258 (time=156.45), 0.0366775 s/step
on time step 6363 (time=159.075), 0.0383319 s/step
field decay(t = 160.125): 3.8016822325269745e-12 / 22.525523983823778 = 1.6877219971695535e-13
on time step 6473 (time=161.825), 0.0366403 s/step
on time step 6579 (time=164.475), 0.0378708 s/step
on time step 6685 (time=167.125), 0.0379696 s/step
on time step 6775 (time=169.375), 0.0448638 s/step
on time step 6865 (time=171.625), 0.04453 s/step
on time step 6947 (time=173.675), 0.0494659 s/step
on time step 7033 (time=175.825), 0.0468958 s/step
on time step 7126 (time=178.15), 0.0433277 s/step
field decay(t = 180.15): 5.289749027863344e-16 / 22.525523983823778 = 2.348335617702862e-17
on time step 7226 (time=180.65), 0.0403202 s/step
on time step 7319 (time=182.975), 0.0433619 s/step
on time step 7415 (time=185.375), 0.0421613 s/step
on time step 7515 (time=187.875), 0.0400229 s/step
on time step 7624 (time=190.6), 0.0368036 s/step
on time step 7733 (time=193.325), 0.036856 s/step
on time step 7843 (time=196.075), 0.0366936 s/step
on time step 7952 (time=198.8), 0.036738 s/step
field decay(t = 200.175): 3.7241351261586715e-24 / 22.525523983823778 = 1.6532956697624788e-25
run 0 finished at t = 200.175 (8007 timesteps)
flux1:, 0.5405405405405406, -1.178424851437525e-06, 0.00036671850321015
flux1:, 0.5431613431613432, -1.72757294484375e-06, 0.0005547719360496576
flux1:, 0.5457821457821458, -2.5149852703371773e-06, 0.000832242923126097
flux1:, 0.5484029484029485, -3.6362969574234103e-06, 0.001238063575365719
flux1:, 0.551023751023751, -5.222379855738055e-06, 0.001826401194293973
flux1:, 0.5536445536445537, -7.451145394309494e-06, 0.00267185536526102
flux1:, 0.5562653562653563, -1.0562910654935312e-05, 0.0038761117723554385
flux1:, 0.5588861588861589, -1.4880282782870011e-05, 0.0055763397113581005
flux1:, 0.5615069615069616, -2.0833705437585142e-05, 0.007955632179620028
flux1:, 0.5641277641277641, -2.8993984796386205e-05, 0.011255781144458089
flux1:, 0.5667485667485668, -4.011324873643473e-05, 0.01579264847651092
flux1:, 0.5693693693693694, -5.517587157640689e-05, 0.021974326572217463
flux1:, 0.571990171990172, -7.546089695351068e-05, 0.03032217310078784
flux1:, 0.5746109746109747, -0.00010261737618797046, 0.041494643395487654
flux1:, 0.5772317772317772, -0.00013875373815945598, 0.056313625242409245
flux1:, 0.5798525798525799, -0.00018654170558518677, 0.07579270064830736
flux1:, 0.5824733824733825, -0.0002493342341052838, 0.10116641844015116
flux1:, 0.5850941850941851, -0.00033129537144113887, 0.1339192670059144
flux1:, 0.5877149877149878, -0.0004375378209319146, 0.1758126022278677
flux1:, 0.5903357903357904, -0.000574261505173572, 0.22890733443852854
flux1:, 0.592956592956593, -0.0007488838336877232, 0.295579742319455
flux1:, 0.5955773955773956, -0.0009701499683457802, 0.3785274029379548
flux1:, 0.5981981981981982, -0.001248209356657279, 0.48076195584138953
flux1:, 0.6008190008190009, -0.001594643290248868, 0.6055853111361539
flux1:, 0.6034398034398034, -0.002022427400593048, 0.7565460236542847
flux1:, 0.6060606060606061, -0.002545813171553948, 0.9373729397527575
flux1:, 0.6086814086814087, -0.0031801143137621148, 1.1518839207426554
flux1:, 0.6113022113022113, -0.003941387843150773, 1.4038684802694372
flux1:, 0.613923013923014, -0.0048460061968296116, 1.6969445411719888
flux1:, 0.6165438165438166, -0.005910125188558949, 2.0343911906113914
flux1:, 0.6191646191646192, -0.007149061729183229, 2.4189612279173858
flux1:, 0.6217854217854218, -0.008576603378944853, 2.8526793596765367
flux1:, 0.6244062244062244, -0.010204277771257944, 3.3366339677857244
flux1:, 0.6270270270270271, -0.012040613480132576, 3.8707722942671614
flux1:, 0.6296478296478297, -0.014090425421349232, 4.4537104665
flux1:, 0.6322686322686323, -0.016354157739213462, 5.082570838413707
flux1:, 0.634889434889435, -0.018827314976916587, 5.752859472820666
flux1:, 0.6375102375102375, -0.021500007248811508, 6.458396099475516
flux1:, 0.6401310401310402, -0.02435662677894973, 7.1913074689655945
flux1:, 0.6427518427518428, -0.027375663044770366, 7.942092667478032
flux1:, 0.6453726453726454, -0.030529655412925488, 8.699765719268521
flux1:, 0.647993447993448, -0.03378527953818286, 9.452076816346876
flux1:, 0.6506142506142506, -0.03710356861620242, 10.185808988533365
flux1:, 0.6532350532350533, -0.04044028054032455, 10.887142242397877
flux1:, 0.6558558558558559, -0.043746431718291644, 11.542072493249375
flux1:, 0.6584766584766585, -0.046969022544683346, 12.136868361902353
flux1:, 0.6610974610974611, -0.05005197657783754, 12.658545475853714
flux1:, 0.6637182637182637, -0.052937307733452996, 13.095335625739823
flux1:, 0.6663390663390664, -0.05556652094178574, 13.437127221423157
flux1:, 0.668959868959869, -0.057882242415107775, 13.675854096320554
flux1:, 0.6715806715806716, -0.05983006175836566, 13.805811831826627
flux1:, 0.6742014742014742, -0.06136054337636443, 13.82388430758203
flux1:, 0.6768222768222769, -0.062431326834341626, 13.72966791465537
flux1:, 0.6794430794430795, -0.06300919183968527, 13.525486492999237
flux1:, 0.6820638820638821, -0.06307192811096171, 13.216296191110185
flux1:, 0.6846846846846847, -0.06260983893945406, 12.80948565906457
flux1:, 0.6873054873054874, -0.06162672659773403, 12.314582818576985
flux1:, 0.6899262899262899, -0.060140252119214185, 11.742884472055845
flux1:, 0.6925470925470926, -0.058181616869285094, 11.1070288572825
flux1:, 0.6951678951678952, -0.05579456488070189, 10.420533680455234
flux1:, 0.6977886977886978, -0.05303374777564461, 9.697323057798556
flux1:, 0.7004095004095005, -0.04996253217051641, 8.951266186562254
flux1:, 0.7030303030303031, -0.04665036934357638, 8.195748584192582
flux1:, 0.7056511056511057, -0.043169889256534595, 7.443293600407005
flux1:, 0.7082719082719083, -0.03959391672362254, 6.705247904116641
flux1:, 0.7108927108927109, -0.0359926223354878, 5.991540101290265
flux1:, 0.7135135135135136, -0.032431004497154, 5.310516898913573
flux1:, 0.7161343161343161, -0.028966852902353075, 4.6688566392449875
flux1:, 0.7187551187551188, -0.025649280685473366, 4.071555899119298
flux1:, 0.7213759213759214, -0.02251784956677676, 3.5219814283441773
flux1:, 0.723996723996724, -0.019602262347395073, 3.021977150547231
flux1:, 0.7266175266175267, -0.01692256374437477, 2.5720143376153475
flux1:, 0.7292383292383293, -0.014489769806793082, 2.171372379193596
flux1:, 0.7318591318591319, -0.012306832108347692, 1.8183377187723326
flux1:, 0.7344799344799345, -0.010369832873979004, 1.5104093882990903
flux1:, 0.7371007371007372, -0.008669302946121015, 1.2445009857592215
flux1:, 0.7397215397215398, -0.0071915595885854375, 1.0171307321459075
flux1:, 0.7423423423423423, -0.005919977003273462, 0.8245932410428757
flux1:, 0.744963144963145, -0.004836126431123569, 0.6631086710820765
flux1:, 0.7475839475839476, -0.00392074915495212, 0.5289468659547818
flux1:, 0.7502047502047502, -0.00315454890212072, 0.4185258070909569
flux1:, 0.7528255528255529, -0.0025188068318317955, 0.3284851360896762
flux1:, 0.7554463554463555, -0.0019958323795502106, 0.255736609867619
flux1:, 0.7580671580671581, -0.0015692685850609933, 0.19749412588720475
flux1:, 0.7606879606879607, -0.0012242732509652888, 0.15128641736500106
flux1:, 0.7633087633087634, -0.0009475985640963743, 0.11495570610928196
flux1:, 0.765929565929566, -0.0007275918674266729, 0.08664556132798575
flux1:, 0.7685503685503686, -0.0005541389073184166, 0.06478099909218897
flux1:, 0.7711711711711712, -0.00041856816065040684, 0.04804352219294755
flux1:, 0.7737919737919738, -0.0003135312882476958, 0.03534339344358123
flux1:, 0.7764127764127764, -0.00023287111374653793, 0.025791000150888477
flux1:, 0.7790335790335791, -0.00017148539292221134, 0.018668738199826673
flux1:, 0.7816543816543817, -0.000125192258756846, 0.013404446443702084
flux1:, 0.7842751842751843, -9.060151920415452e-05, 0.009547072432806636
flux1:, 0.7868959868959869, -6.499472270553778e-05, 0.006744957710286415
flux1:, 0.7895167895167896, -4.621589384995444e-05, 0.004726897427771146
flux1:, 0.7921375921375922, -3.2573982241140455e-05, 0.0032859526723608237
flux1:, 0.7947583947583947, -2.2757350258137814e-05, 0.002265869230732289
flux1:, 0.7973791973791975, -1.5760068109021937e-05, 0.001549876208637273
flux1:, 0.8, -1.0819390808952614e-05, 0.0010515937909841928
FINISHED SIMULATION

Elapsed run time = 367.3405 s
